<?xml version="1.0" encoding="UTF-8"?>
<coverage generated="1750902967920" clover="3.2.0">
  <project timestamp="1750902967920" name="All files">
    <metrics statements="87" coveredstatements="82" conditionals="36" coveredconditionals="29" methods="42" coveredmethods="38" elements="165" coveredelements="149" complexity="0" loc="87" ncloc="87" packages="11" files="12" classes="12"/>
    <package name="src">
      <metrics statements="2" coveredstatements="1" conditionals="0" coveredconditionals="0" methods="1" coveredmethods="1"/>
      <file name="App.jsx" path="C:\Users\thisarak\Documents\task\to_do_list_manager\to_do_list\src\App.jsx">
        <metrics statements="1" coveredstatements="1" conditionals="0" coveredconditionals="0" methods="1" coveredmethods="1"/>
        <line num="7" count="1" type="stmt"/>
      </file>
      <file name="main.jsx" path="C:\Users\thisarak\Documents\task\to_do_list_manager\to_do_list\src\main.jsx">
        <metrics statements="1" coveredstatements="0" conditionals="0" coveredconditionals="0" methods="0" coveredmethods="0"/>
        <line num="6" count="0" type="stmt"/>
      </file>
    </package>
    <package name="src.components.AddTask">
      <metrics statements="7" coveredstatements="7" conditionals="4" coveredconditionals="3" methods="5" coveredmethods="5"/>
      <file name="AddTaskPopup.jsx" path="C:\Users\thisarak\Documents\task\to_do_list_manager\to_do_list\src\components\AddTask\AddTaskPopup.jsx">
        <metrics statements="7" coveredstatements="7" conditionals="4" coveredconditionals="3" methods="5" coveredmethods="5"/>
        <line num="3" count="2" type="stmt"/>
        <line num="14" count="10" type="cond" truecount="2" falsecount="0"/>
        <line num="16" count="7" type="stmt"/>
        <line num="25" count="1" type="stmt"/>
        <line num="32" count="1" type="stmt"/>
        <line num="39" count="1" type="stmt"/>
        <line num="54" count="1" type="stmt"/>
      </file>
    </package>
    <package name="src.components.DeleteTask">
      <metrics statements="4" coveredstatements="4" conditionals="6" coveredconditionals="5" methods="2" coveredmethods="2"/>
      <file name="DeleteTaskPopup.jsx" path="C:\Users\thisarak\Documents\task\to_do_list_manager\to_do_list\src\components\DeleteTask\DeleteTaskPopup.jsx">
        <metrics statements="4" coveredstatements="4" conditionals="6" coveredconditionals="5" methods="2" coveredmethods="2"/>
        <line num="3" count="2" type="stmt"/>
        <line num="9" count="7" type="cond" truecount="4" falsecount="0"/>
        <line num="11" count="3" type="stmt"/>
        <line num="25" count="1" type="stmt"/>
      </file>
    </package>
    <package name="src.components.EditTask">
      <metrics statements="8" coveredstatements="6" conditionals="12" coveredconditionals="8" methods="6" coveredmethods="4"/>
      <file name="EditTaskPopup.jsx" path="C:\Users\thisarak\Documents\task\to_do_list_manager\to_do_list\src\components\EditTask\EditTaskPopup.jsx">
        <metrics statements="8" coveredstatements="6" conditionals="12" coveredconditionals="8" methods="6" coveredmethods="4"/>
        <line num="3" count="2" type="stmt"/>
        <line num="10" count="7" type="cond" truecount="4" falsecount="0"/>
        <line num="12" count="5" type="stmt"/>
        <line num="21" count="1" type="stmt"/>
        <line num="28" count="1" type="stmt"/>
        <line num="34" count="0" type="stmt"/>
        <line num="44" count="0" type="stmt"/>
        <line num="59" count="1" type="stmt"/>
      </file>
    </package>
    <package name="src.components.Header">
      <metrics statements="2" coveredstatements="2" conditionals="0" coveredconditionals="0" methods="1" coveredmethods="1"/>
      <file name="Header.jsx" path="C:\Users\thisarak\Documents\task\to_do_list_manager\to_do_list\src\components\Header\Header.jsx">
        <metrics statements="2" coveredstatements="2" conditionals="0" coveredconditionals="0" methods="1" coveredmethods="1"/>
        <line num="7" count="2" type="stmt"/>
        <line num="8" count="5" type="stmt"/>
      </file>
    </package>
    <package name="src.components.SearchBar">
      <metrics statements="3" coveredstatements="3" conditionals="0" coveredconditionals="0" methods="2" coveredmethods="2"/>
      <file name="SearchBar.jsx" path="C:\Users\thisarak\Documents\task\to_do_list_manager\to_do_list\src\components\SearchBar\SearchBar.jsx">
        <metrics statements="3" coveredstatements="3" conditionals="0" coveredconditionals="0" methods="2" coveredmethods="2"/>
        <line num="6" count="2" type="stmt"/>
        <line num="7" count="5" type="stmt"/>
        <line num="21" count="1" type="stmt"/>
      </file>
    </package>
    <package name="src.components.SortControls">
      <metrics statements="3" coveredstatements="3" conditionals="0" coveredconditionals="0" methods="2" coveredmethods="2"/>
      <file name="SortControl.jsx" path="C:\Users\thisarak\Documents\task\to_do_list_manager\to_do_list\src\components\SortControls\SortControl.jsx">
        <metrics statements="3" coveredstatements="3" conditionals="0" coveredconditionals="0" methods="2" coveredmethods="2"/>
        <line num="4" count="2" type="stmt"/>
        <line num="5" count="5" type="stmt"/>
        <line num="8" count="1" type="stmt"/>
      </file>
    </package>
    <package name="src.components.TodoItem">
      <metrics statements="3" coveredstatements="3" conditionals="4" coveredconditionals="4" methods="3" coveredmethods="3"/>
      <file name="TodoItem.jsx" path="C:\Users\thisarak\Documents\task\to_do_list_manager\to_do_list\src\components\TodoItem\TodoItem.jsx">
        <metrics statements="3" coveredstatements="3" conditionals="4" coveredconditionals="4" methods="3" coveredmethods="3"/>
        <line num="7" count="16" type="stmt"/>
        <line num="32" count="1" type="stmt"/>
        <line num="33" count="1" type="stmt"/>
      </file>
    </package>
    <package name="src.components.TodoList">
      <metrics statements="5" coveredstatements="3" conditionals="0" coveredconditionals="0" methods="4" coveredmethods="2"/>
      <file name="TodoList.jsx" path="C:\Users\thisarak\Documents\task\to_do_list_manager\to_do_list\src\components\TodoList\TodoList.jsx">
        <metrics statements="5" coveredstatements="3" conditionals="0" coveredconditionals="0" methods="4" coveredmethods="2"/>
        <line num="41" count="7" type="stmt"/>
        <line num="43" count="7" type="stmt"/>
        <line num="56" count="0" type="stmt"/>
        <line num="100" count="15" type="stmt"/>
        <line num="104" count="0" type="stmt"/>
      </file>
    </package>
    <package name="src.hooks">
      <metrics statements="50" coveredstatements="50" conditionals="10" coveredconditionals="9" methods="16" coveredmethods="16"/>
      <file name="TodoController.jsx" path="C:\Users\thisarak\Documents\task\to_do_list_manager\to_do_list\src\hooks\TodoController.jsx">
        <metrics statements="50" coveredstatements="50" conditionals="10" coveredconditionals="9" methods="16" coveredmethods="16"/>
        <line num="4" count="2" type="stmt"/>
        <line num="5" count="35" type="stmt"/>
        <line num="6" count="35" type="stmt"/>
        <line num="7" count="35" type="stmt"/>
        <line num="8" count="35" type="stmt"/>
        <line num="10" count="35" type="stmt"/>
        <line num="11" count="35" type="stmt"/>
        <line num="12" count="35" type="stmt"/>
        <line num="14" count="35" type="stmt"/>
        <line num="15" count="35" type="stmt"/>
        <line num="17" count="35" type="stmt"/>
        <line num="19" count="35" type="stmt"/>
        <line num="22" count="35" type="stmt"/>
        <line num="24" count="10" type="stmt"/>
        <line num="30" count="35" type="stmt"/>
        <line num="31" count="2" type="stmt"/>
        <line num="32" count="2" type="cond" truecount="2" falsecount="0"/>
        <line num="34" count="1" type="stmt"/>
        <line num="42" count="1" type="stmt"/>
        <line num="43" count="1" type="stmt"/>
        <line num="44" count="1" type="stmt"/>
        <line num="45" count="1" type="stmt"/>
        <line num="46" count="1" type="stmt"/>
        <line num="50" count="35" type="stmt"/>
        <line num="51" count="1" type="stmt"/>
        <line num="52" count="1" type="stmt"/>
        <line num="56" count="35" type="stmt"/>
        <line num="57" count="1" type="cond" truecount="1" falsecount="1"/>
        <line num="59" count="1" type="stmt"/>
        <line num="60" count="1" type="stmt"/>
        <line num="61" count="10" type="cond" truecount="2" falsecount="0"/>
        <line num="64" count="1" type="stmt"/>
        <line num="65" count="1" type="stmt"/>
        <line num="71" count="35" type="stmt"/>
        <line num="72" count="2" type="stmt"/>
        <line num="73" count="2" type="stmt"/>
        <line num="76" count="35" type="stmt"/>
        <line num="77" count="10" type="stmt"/>
        <line num="78" count="1" type="stmt"/>
        <line num="79" count="1" type="stmt"/>
        <line num="83" count="35" type="stmt"/>
        <line num="84" count="5" type="stmt"/>
        <line num="85" count="5" type="stmt"/>
        <line num="86" count="50" type="cond" truecount="2" falsecount="0"/>
        <line num="94" count="35" type="stmt"/>
        <line num="96" count="250" type="stmt"/>
        <line num="99" count="530" type="stmt"/>
        <line num="100" count="530" type="stmt"/>
        <line num="101" count="530" type="cond" truecount="2" falsecount="0"/>
        <line num="104" count="35" type="stmt"/>
      </file>
    </package>
    <package name="src.types">
      <metrics statements="0" coveredstatements="0" conditionals="0" coveredconditionals="0" methods="0" coveredmethods="0"/>
      <file name="Todo.jsx" path="C:\Users\thisarak\Documents\task\to_do_list_manager\to_do_list\src\types\Todo.jsx">
        <metrics statements="0" coveredstatements="0" conditionals="0" coveredconditionals="0" methods="0" coveredmethods="0"/>
      </file>
    </package>
  </project>
</coverage>
