<?xml version="1.0" encoding="UTF-8"?>
<coverage generated="1750992427441" clover="3.2.0">
  <project timestamp="1750992427441" name="All files">
    <metrics statements="108" coveredstatements="101" conditionals="55" coveredconditionals="45" methods="49" coveredmethods="44" elements="212" coveredelements="190" complexity="0" loc="108" ncloc="108" packages="11" files="12" classes="12"/>
    <package name="src">
      <metrics statements="2" coveredstatements="1" conditionals="0" coveredconditionals="0" methods="1" coveredmethods="1"/>
      <file name="App.jsx" path="C:\Users\thisarak\Documents\task\to_do_list_manager\to_do_list\src\App.jsx">
        <metrics statements="1" coveredstatements="1" conditionals="0" coveredconditionals="0" methods="1" coveredmethods="1"/>
        <line num="7" count="1" type="stmt"/>
      </file>
      <file name="main.jsx" path="C:\Users\thisarak\Documents\task\to_do_list_manager\to_do_list\src\main.jsx">
        <metrics statements="1" coveredstatements="0" conditionals="0" coveredconditionals="0" methods="0" coveredmethods="0"/>
        <line num="6" count="0" type="stmt"/>
      </file>
    </package>
    <package name="src.components.AddTask">
      <metrics statements="7" coveredstatements="7" conditionals="4" coveredconditionals="3" methods="5" coveredmethods="5"/>
      <file name="AddTaskPopup.jsx" path="C:\Users\thisarak\Documents\task\to_do_list_manager\to_do_list\src\components\AddTask\AddTaskPopup.jsx">
        <metrics statements="7" coveredstatements="7" conditionals="4" coveredconditionals="3" methods="5" coveredmethods="5"/>
        <line num="3" count="2" type="stmt"/>
        <line num="14" count="10" type="cond" truecount="2" falsecount="0"/>
        <line num="16" count="7" type="stmt"/>
        <line num="25" count="1" type="stmt"/>
        <line num="32" count="1" type="stmt"/>
        <line num="39" count="1" type="stmt"/>
        <line num="54" count="1" type="stmt"/>
      </file>
    </package>
    <package name="src.components.DeleteTask">
      <metrics statements="4" coveredstatements="4" conditionals="6" coveredconditionals="5" methods="2" coveredmethods="2"/>
      <file name="DeleteTaskPopup.jsx" path="C:\Users\thisarak\Documents\task\to_do_list_manager\to_do_list\src\components\DeleteTask\DeleteTaskPopup.jsx">
        <metrics statements="4" coveredstatements="4" conditionals="6" coveredconditionals="5" methods="2" coveredmethods="2"/>
        <line num="3" count="2" type="stmt"/>
        <line num="9" count="7" type="cond" truecount="4" falsecount="0"/>
        <line num="11" count="3" type="stmt"/>
        <line num="25" count="1" type="stmt"/>
      </file>
    </package>
    <package name="src.components.EditTask">
      <metrics statements="8" coveredstatements="6" conditionals="12" coveredconditionals="8" methods="6" coveredmethods="4"/>
      <file name="EditTaskPopup.jsx" path="C:\Users\thisarak\Documents\task\to_do_list_manager\to_do_list\src\components\EditTask\EditTaskPopup.jsx">
        <metrics statements="8" coveredstatements="6" conditionals="12" coveredconditionals="8" methods="6" coveredmethods="4"/>
        <line num="3" count="2" type="stmt"/>
        <line num="10" count="7" type="cond" truecount="4" falsecount="0"/>
        <line num="12" count="5" type="stmt"/>
        <line num="21" count="1" type="stmt"/>
        <line num="28" count="1" type="stmt"/>
        <line num="34" count="0" type="stmt"/>
        <line num="44" count="0" type="stmt"/>
        <line num="59" count="1" type="stmt"/>
      </file>
    </package>
    <package name="src.components.Header">
      <metrics statements="2" coveredstatements="2" conditionals="0" coveredconditionals="0" methods="1" coveredmethods="1"/>
      <file name="Header.jsx" path="C:\Users\thisarak\Documents\task\to_do_list_manager\to_do_list\src\components\Header\Header.jsx">
        <metrics statements="2" coveredstatements="2" conditionals="0" coveredconditionals="0" methods="1" coveredmethods="1"/>
        <line num="7" count="2" type="stmt"/>
        <line num="8" count="5" type="stmt"/>
      </file>
    </package>
    <package name="src.components.SearchBar">
      <metrics statements="3" coveredstatements="3" conditionals="0" coveredconditionals="0" methods="2" coveredmethods="2"/>
      <file name="SearchBar.jsx" path="C:\Users\thisarak\Documents\task\to_do_list_manager\to_do_list\src\components\SearchBar\SearchBar.jsx">
        <metrics statements="3" coveredstatements="3" conditionals="0" coveredconditionals="0" methods="2" coveredmethods="2"/>
        <line num="6" count="2" type="stmt"/>
        <line num="7" count="5" type="stmt"/>
        <line num="21" count="1" type="stmt"/>
      </file>
    </package>
    <package name="src.components.SortControls">
      <metrics statements="3" coveredstatements="3" conditionals="0" coveredconditionals="0" methods="2" coveredmethods="2"/>
      <file name="SortControl.jsx" path="C:\Users\thisarak\Documents\task\to_do_list_manager\to_do_list\src\components\SortControls\SortControl.jsx">
        <metrics statements="3" coveredstatements="3" conditionals="0" coveredconditionals="0" methods="2" coveredmethods="2"/>
        <line num="4" count="2" type="stmt"/>
        <line num="5" count="5" type="stmt"/>
        <line num="8" count="1" type="stmt"/>
      </file>
    </package>
    <package name="src.components.StatusFilter">
      <metrics statements="5" coveredstatements="4" conditionals="2" coveredconditionals="2" methods="3" coveredmethods="2"/>
      <file name="StatusFilter.jsx" path="C:\Users\thisarak\Documents\task\to_do_list_manager\to_do_list\src\components\StatusFilter\StatusFilter.jsx">
        <metrics statements="5" coveredstatements="4" conditionals="2" coveredconditionals="2" methods="3" coveredmethods="2"/>
        <line num="4" count="1" type="stmt"/>
        <line num="5" count="2" type="stmt"/>
        <line num="7" count="2" type="stmt"/>
        <line num="10" count="6" type="stmt"/>
        <line num="13" count="0" type="stmt"/>
      </file>
    </package>
    <package name="src.components.TodoItem">
      <metrics statements="9" coveredstatements="9" conditionals="13" coveredconditionals="12" methods="5" coveredmethods="5"/>
      <file name="TodoItem.jsx" path="C:\Users\thisarak\Documents\task\to_do_list_manager\to_do_list\src\components\TodoItem\TodoItem.jsx">
        <metrics statements="9" coveredstatements="9" conditionals="13" coveredconditionals="12" methods="5" coveredmethods="5"/>
        <line num="9" count="32" type="stmt"/>
        <line num="10" count="32" type="stmt"/>
        <line num="12" count="32" type="stmt"/>
        <line num="21" count="32" type="stmt"/>
        <line num="22" count="32" type="stmt"/>
        <line num="25" count="32" type="stmt"/>
        <line num="30" count="32" type="stmt"/>
        <line num="67" count="1" type="stmt"/>
        <line num="68" count="1" type="stmt"/>
      </file>
    </package>
    <package name="src.components.TodoList">
      <metrics statements="10" coveredstatements="7" conditionals="6" coveredconditionals="5" methods="5" coveredmethods="3"/>
      <file name="TodoList.jsx" path="C:\Users\thisarak\Documents\task\to_do_list_manager\to_do_list\src\components\TodoList\TodoList.jsx">
        <metrics statements="10" coveredstatements="7" conditionals="6" coveredconditionals="5" methods="5" coveredmethods="3"/>
        <line num="44" count="10" type="stmt"/>
        <line num="46" count="10" type="stmt"/>
        <line num="48" count="10" type="stmt"/>
        <line num="70" count="0" type="stmt"/>
        <line num="111" count="42" type="cond" truecount="2" falsecount="0"/>
        <line num="112" count="4" type="cond" truecount="2" falsecount="0"/>
        <line num="113" count="2" type="cond" truecount="1" falsecount="1"/>
        <line num="114" count="0" type="stmt"/>
        <line num="117" count="40" type="stmt"/>
        <line num="122" count="0" type="stmt"/>
      </file>
    </package>
    <package name="src.hooks">
      <metrics statements="55" coveredstatements="55" conditionals="12" coveredconditionals="10" methods="17" coveredmethods="17"/>
      <file name="TodoController.jsx" path="C:\Users\thisarak\Documents\task\to_do_list_manager\to_do_list\src\hooks\TodoController.jsx">
        <metrics statements="55" coveredstatements="55" conditionals="12" coveredconditionals="10" methods="17" coveredmethods="17"/>
        <line num="4" count="2" type="stmt"/>
        <line num="5" count="36" type="stmt"/>
        <line num="6" count="36" type="stmt"/>
        <line num="7" count="36" type="stmt"/>
        <line num="8" count="36" type="stmt"/>
        <line num="10" count="36" type="stmt"/>
        <line num="11" count="36" type="stmt"/>
        <line num="12" count="36" type="stmt"/>
        <line num="14" count="36" type="stmt"/>
        <line num="15" count="36" type="stmt"/>
        <line num="17" count="36" type="stmt"/>
        <line num="19" count="36" type="stmt"/>
        <line num="21" count="36" type="stmt"/>
        <line num="25" count="36" type="stmt"/>
        <line num="27" count="10" type="stmt"/>
        <line num="33" count="36" type="stmt"/>
        <line num="34" count="2" type="stmt"/>
        <line num="35" count="2" type="cond" truecount="2" falsecount="0"/>
        <line num="37" count="1" type="stmt"/>
        <line num="45" count="1" type="stmt"/>
        <line num="46" count="1" type="stmt"/>
        <line num="47" count="1" type="stmt"/>
        <line num="48" count="1" type="stmt"/>
        <line num="49" count="1" type="stmt"/>
        <line num="53" count="36" type="stmt"/>
        <line num="54" count="1" type="stmt"/>
        <line num="55" count="1" type="stmt"/>
        <line num="59" count="36" type="stmt"/>
        <line num="60" count="1" type="cond" truecount="1" falsecount="1"/>
        <line num="62" count="1" type="stmt"/>
        <line num="63" count="1" type="stmt"/>
        <line num="64" count="26" type="cond" truecount="2" falsecount="0"/>
        <line num="67" count="1" type="stmt"/>
        <line num="68" count="1" type="stmt"/>
        <line num="74" count="36" type="stmt"/>
        <line num="75" count="2" type="stmt"/>
        <line num="76" count="2" type="stmt"/>
        <line num="79" count="36" type="stmt"/>
        <line num="80" count="1" type="cond" truecount="1" falsecount="1"/>
        <line num="82" count="1" type="stmt"/>
        <line num="84" count="1" type="stmt"/>
        <line num="85" count="26" type="stmt"/>
        <line num="86" count="1" type="stmt"/>
        <line num="87" count="1" type="stmt"/>
        <line num="88" count="1" type="stmt"/>
        <line num="94" count="36" type="stmt"/>
        <line num="95" count="5" type="stmt"/>
        <line num="96" count="5" type="stmt"/>
        <line num="97" count="130" type="cond" truecount="2" falsecount="0"/>
        <line num="105" count="36" type="stmt"/>
        <line num="107" count="676" type="stmt"/>
        <line num="110" count="2223" type="stmt"/>
        <line num="111" count="2223" type="stmt"/>
        <line num="112" count="2223" type="cond" truecount="2" falsecount="0"/>
        <line num="115" count="36" type="stmt"/>
      </file>
    </package>
  </project>
</coverage>
