{"C:\\Users\\thisarak\\Documents\\task\\to_do_list_manager\\to_do_list\\src\\App.jsx": {"path":"C:\\Users\\thisarak\\Documents\\task\\to_do_list_manager\\to_do_list\\src\\App.jsx","statementMap":{"0":{"start":{"line":8,"column":2},"end":{"line":15,"column":4}}},"fnMap":{"0":{"name":"App","decl":{"start":{"line":7,"column":9},"end":{"line":7,"column":12}},"loc":{"start":{"line":7,"column":15},"end":{"line":16,"column":1}},"line":7}},"branchMap":{},"s":{"0":1},"f":{"0":1},"b":{},"_coverageSchema":"1a1c01bbd47fc00a2c39e90264f33305004495a9","hash":"5ab15701078ad356aafe5a54a3f623ac6a96e06c"}
,"C:\\Users\\thisarak\\Documents\\task\\to_do_list_manager\\to_do_list\\src\\main.jsx": {"path":"C:\\Users\\thisarak\\Documents\\task\\to_do_list_manager\\to_do_list\\src\\main.jsx","statementMap":{"0":{"start":{"line":6,"column":0},"end":{"line":10,"column":1}}},"fnMap":{},"branchMap":{},"s":{"0":0},"f":{},"b":{}}
,"C:\\Users\\thisarak\\Documents\\task\\to_do_list_manager\\to_do_list\\src\\components\\AddTask\\AddTaskPopup.jsx": {"path":"C:\\Users\\thisarak\\Documents\\task\\to_do_list_manager\\to_do_list\\src\\components\\AddTask\\AddTaskPopup.jsx","statementMap":{"0":{"start":{"line":3,"column":21},"end":{"line":63,"column":1}},"1":{"start":{"line":14,"column":2},"end":{"line":14,"column":30}},"2":{"start":{"line":14,"column":18},"end":{"line":14,"column":30}},"3":{"start":{"line":16,"column":2},"end":{"line":62,"column":4}},"4":{"start":{"line":25,"column":29},"end":{"line":25,"column":55}},"5":{"start":{"line":32,"column":29},"end":{"line":32,"column":55}},"6":{"start":{"line":39,"column":29},"end":{"line":39,"column":56}},"7":{"start":{"line":54,"column":29},"end":{"line":54,"column":48}}},"fnMap":{"0":{"name":"(anonymous_0)","decl":{"start":{"line":3,"column":21},"end":{"line":3,"column":22}},"loc":{"start":{"line":13,"column":6},"end":{"line":63,"column":1}},"line":13},"1":{"name":"(anonymous_1)","decl":{"start":{"line":25,"column":22},"end":{"line":25,"column":23}},"loc":{"start":{"line":25,"column":29},"end":{"line":25,"column":55}},"line":25},"2":{"name":"(anonymous_2)","decl":{"start":{"line":32,"column":22},"end":{"line":32,"column":23}},"loc":{"start":{"line":32,"column":29},"end":{"line":32,"column":55}},"line":32},"3":{"name":"(anonymous_3)","decl":{"start":{"line":39,"column":22},"end":{"line":39,"column":23}},"loc":{"start":{"line":39,"column":29},"end":{"line":39,"column":56}},"line":39},"4":{"name":"(anonymous_4)","decl":{"start":{"line":54,"column":23},"end":{"line":54,"column":24}},"loc":{"start":{"line":54,"column":29},"end":{"line":54,"column":48}},"line":54}},"branchMap":{"0":{"loc":{"start":{"line":14,"column":2},"end":{"line":14,"column":30}},"type":"if","locations":[{"start":{"line":14,"column":2},"end":{"line":14,"column":30}},{"start":{},"end":{}}],"line":14},"1":{"loc":{"start":{"line":38,"column":19},"end":{"line":38,"column":36}},"type":"binary-expr","locations":[{"start":{"line":38,"column":19},"end":{"line":38,"column":27}},{"start":{"line":38,"column":31},"end":{"line":38,"column":36}}],"line":38}},"s":{"0":2,"1":10,"2":3,"3":7,"4":1,"5":1,"6":1,"7":1},"f":{"0":10,"1":1,"2":1,"3":1,"4":1},"b":{"0":[3,7],"1":[7,0]},"_coverageSchema":"1a1c01bbd47fc00a2c39e90264f33305004495a9","hash":"8054d3202ea704bd5a988c5d5d032526add8f94b"}
,"C:\\Users\\thisarak\\Documents\\task\\to_do_list_manager\\to_do_list\\src\\components\\DeleteTask\\DeleteTaskPopup.jsx": {"path":"C:\\Users\\thisarak\\Documents\\task\\to_do_list_manager\\to_do_list\\src\\components\\DeleteTask\\DeleteTaskPopup.jsx","statementMap":{"0":{"start":{"line":3,"column":27},"end":{"line":33,"column":1}},"1":{"start":{"line":9,"column":2},"end":{"line":9,"column":55}},"2":{"start":{"line":9,"column":43},"end":{"line":9,"column":55}},"3":{"start":{"line":11,"column":2},"end":{"line":32,"column":4}},"4":{"start":{"line":25,"column":27},"end":{"line":25,"column":54}}},"fnMap":{"0":{"name":"(anonymous_0)","decl":{"start":{"line":3,"column":27},"end":{"line":3,"column":28}},"loc":{"start":{"line":8,"column":6},"end":{"line":33,"column":1}},"line":8},"1":{"name":"(anonymous_1)","decl":{"start":{"line":25,"column":21},"end":{"line":25,"column":22}},"loc":{"start":{"line":25,"column":27},"end":{"line":25,"column":54}},"line":25}},"branchMap":{"0":{"loc":{"start":{"line":9,"column":2},"end":{"line":9,"column":55}},"type":"if","locations":[{"start":{"line":9,"column":2},"end":{"line":9,"column":55}},{"start":{},"end":{}}],"line":9},"1":{"loc":{"start":{"line":9,"column":6},"end":{"line":9,"column":41}},"type":"binary-expr","locations":[{"start":{"line":9,"column":6},"end":{"line":9,"column":24}},{"start":{"line":9,"column":28},"end":{"line":9,"column":41}}],"line":9},"2":{"loc":{"start":{"line":17,"column":19},"end":{"line":17,"column":42}},"type":"binary-expr","locations":[{"start":{"line":17,"column":19},"end":{"line":17,"column":36}},{"start":{"line":17,"column":40},"end":{"line":17,"column":42}}],"line":17}},"s":{"0":2,"1":7,"2":4,"3":3,"4":1},"f":{"0":7,"1":1},"b":{"0":[4,3],"1":[7,4],"2":[3,0]},"_coverageSchema":"1a1c01bbd47fc00a2c39e90264f33305004495a9","hash":"18896c37f226a4798911652684f1f67c26d0e084"}
,"C:\\Users\\thisarak\\Documents\\task\\to_do_list_manager\\to_do_list\\src\\components\\EditTask\\EditTaskPopup.jsx": {"path":"C:\\Users\\thisarak\\Documents\\task\\to_do_list_manager\\to_do_list\\src\\components\\EditTask\\EditTaskPopup.jsx","statementMap":{"0":{"start":{"line":3,"column":22},"end":{"line":67,"column":1}},"1":{"start":{"line":10,"column":2},"end":{"line":10,"column":43}},"2":{"start":{"line":10,"column":31},"end":{"line":10,"column":43}},"3":{"start":{"line":12,"column":2},"end":{"line":66,"column":4}},"4":{"start":{"line":21,"column":12},"end":{"line":21,"column":62}},"5":{"start":{"line":28,"column":12},"end":{"line":28,"column":65}},"6":{"start":{"line":34,"column":12},"end":{"line":34,"column":66}},"7":{"start":{"line":44,"column":12},"end":{"line":47,"column":14}},"8":{"start":{"line":59,"column":27},"end":{"line":59,"column":46}}},"fnMap":{"0":{"name":"(anonymous_0)","decl":{"start":{"line":3,"column":22},"end":{"line":3,"column":23}},"loc":{"start":{"line":9,"column":6},"end":{"line":67,"column":1}},"line":9},"1":{"name":"(anonymous_1)","decl":{"start":{"line":20,"column":20},"end":{"line":20,"column":21}},"loc":{"start":{"line":21,"column":12},"end":{"line":21,"column":62}},"line":21},"2":{"name":"(anonymous_2)","decl":{"start":{"line":27,"column":20},"end":{"line":27,"column":21}},"loc":{"start":{"line":28,"column":12},"end":{"line":28,"column":65}},"line":28},"3":{"name":"(anonymous_3)","decl":{"start":{"line":33,"column":20},"end":{"line":33,"column":21}},"loc":{"start":{"line":34,"column":12},"end":{"line":34,"column":66}},"line":34},"4":{"name":"(anonymous_4)","decl":{"start":{"line":43,"column":20},"end":{"line":43,"column":21}},"loc":{"start":{"line":44,"column":12},"end":{"line":47,"column":14}},"line":44},"5":{"name":"(anonymous_5)","decl":{"start":{"line":59,"column":21},"end":{"line":59,"column":22}},"loc":{"start":{"line":59,"column":27},"end":{"line":59,"column":46}},"line":59}},"branchMap":{"0":{"loc":{"start":{"line":10,"column":2},"end":{"line":10,"column":43}},"type":"if","locations":[{"start":{"line":10,"column":2},"end":{"line":10,"column":43}},{"start":{},"end":{}}],"line":10},"1":{"loc":{"start":{"line":10,"column":6},"end":{"line":10,"column":29}},"type":"binary-expr","locations":[{"start":{"line":10,"column":6},"end":{"line":10,"column":16}},{"start":{"line":10,"column":20},"end":{"line":10,"column":29}}],"line":10},"2":{"loc":{"start":{"line":19,"column":17},"end":{"line":19,"column":36}},"type":"binary-expr","locations":[{"start":{"line":19,"column":17},"end":{"line":19,"column":30}},{"start":{"line":19,"column":34},"end":{"line":19,"column":36}}],"line":19},"3":{"loc":{"start":{"line":26,"column":17},"end":{"line":26,"column":39}},"type":"binary-expr","locations":[{"start":{"line":26,"column":17},"end":{"line":26,"column":33}},{"start":{"line":26,"column":37},"end":{"line":26,"column":39}}],"line":26},"4":{"loc":{"start":{"line":32,"column":17},"end":{"line":32,"column":43}},"type":"binary-expr","locations":[{"start":{"line":32,"column":17},"end":{"line":32,"column":34}},{"start":{"line":32,"column":38},"end":{"line":32,"column":43}}],"line":32},"5":{"loc":{"start":{"line":42,"column":17},"end":{"line":42,"column":63}},"type":"cond-expr","locations":[{"start":{"line":42,"column":38},"end":{"line":42,"column":48}},{"start":{"line":42,"column":51},"end":{"line":42,"column":63}}],"line":42}},"s":{"0":2,"1":7,"2":2,"3":5,"4":1,"5":1,"6":0,"7":0,"8":1},"f":{"0":7,"1":1,"2":1,"3":0,"4":0,"5":1},"b":{"0":[2,5],"1":[7,5],"2":[5,0],"3":[5,0],"4":[5,0],"5":[0,5]},"_coverageSchema":"1a1c01bbd47fc00a2c39e90264f33305004495a9","hash":"1df27a461e18f84712ee26029ccf1354f1ef8e63"}
,"C:\\Users\\thisarak\\Documents\\task\\to_do_list_manager\\to_do_list\\src\\components\\Header\\Header.jsx": {"path":"C:\\Users\\thisarak\\Documents\\task\\to_do_list_manager\\to_do_list\\src\\components\\Header\\Header.jsx","statementMap":{"0":{"start":{"line":9,"column":15},"end":{"line":61,"column":1}},"1":{"start":{"line":14,"column":6},"end":{"line":14,"column":22}},"2":{"start":{"line":16,"column":60},"end":{"line":16,"column":75}},"3":{"start":{"line":18,"column":34},"end":{"line":21,"column":3}},"4":{"start":{"line":19,"column":4},"end":{"line":19,"column":53}},"5":{"start":{"line":20,"column":4},"end":{"line":20,"column":25}},"6":{"start":{"line":23,"column":2},"end":{"line":60,"column":4}},"7":{"start":{"line":45,"column":18},"end":{"line":45,"column":77}}},"fnMap":{"0":{"name":"(anonymous_0)","decl":{"start":{"line":9,"column":15},"end":{"line":9,"column":16}},"loc":{"start":{"line":9,"column":21},"end":{"line":61,"column":1}},"line":9},"1":{"name":"(anonymous_1)","decl":{"start":{"line":18,"column":34},"end":{"line":18,"column":35}},"loc":{"start":{"line":18,"column":40},"end":{"line":21,"column":3}},"line":18},"2":{"name":"(anonymous_2)","decl":{"start":{"line":44,"column":34},"end":{"line":44,"column":35}},"loc":{"start":{"line":45,"column":18},"end":{"line":45,"column":77}},"line":45}},"branchMap":{"0":{"loc":{"start":{"line":34,"column":42},"end":{"line":34,"column":97}},"type":"binary-expr","locations":[{"start":{"line":34,"column":42},"end":{"line":34,"column":60}},{"start":{"line":34,"column":64},"end":{"line":34,"column":97}}],"line":34},"1":{"loc":{"start":{"line":39,"column":11},"end":{"line":49,"column":11}},"type":"binary-expr","locations":[{"start":{"line":39,"column":11},"end":{"line":39,"column":32}},{"start":{"line":40,"column":12},"end":{"line":48,"column":18}}],"line":39},"2":{"loc":{"start":{"line":41,"column":15},"end":{"line":47,"column":15}},"type":"cond-expr","locations":[{"start":{"line":42,"column":16},"end":{"line":42,"column":73}},{"start":{"line":44,"column":16},"end":{"line":46,"column":18}}],"line":41}},"s":{"0":2,"1":10,"2":10,"3":10,"4":0,"5":0,"6":10,"7":0},"f":{"0":10,"1":0,"2":0},"b":{"0":[10,0],"1":[10,0],"2":[0,0]},"_coverageSchema":"1a1c01bbd47fc00a2c39e90264f33305004495a9","hash":"122dc6984a91209d7bdc34e39c8a32aac5dc484d"}
,"C:\\Users\\thisarak\\Documents\\task\\to_do_list_manager\\to_do_list\\src\\components\\SearchBar\\SearchBar.jsx": {"path":"C:\\Users\\thisarak\\Documents\\task\\to_do_list_manager\\to_do_list\\src\\components\\SearchBar\\SearchBar.jsx","statementMap":{"0":{"start":{"line":6,"column":18},"end":{"line":44,"column":1}},"1":{"start":{"line":7,"column":2},"end":{"line":43,"column":4}},"2":{"start":{"line":21,"column":23},"end":{"line":21,"column":52}}},"fnMap":{"0":{"name":"(anonymous_0)","decl":{"start":{"line":6,"column":18},"end":{"line":6,"column":19}},"loc":{"start":{"line":6,"column":53},"end":{"line":44,"column":1}},"line":6},"1":{"name":"(anonymous_1)","decl":{"start":{"line":21,"column":16},"end":{"line":21,"column":17}},"loc":{"start":{"line":21,"column":23},"end":{"line":21,"column":52}},"line":21}},"branchMap":{},"s":{"0":2,"1":5,"2":1},"f":{"0":5,"1":1},"b":{},"_coverageSchema":"1a1c01bbd47fc00a2c39e90264f33305004495a9","hash":"7214b4e396477bf85b96519c371da920a135c633"}
,"C:\\Users\\thisarak\\Documents\\task\\to_do_list_manager\\to_do_list\\src\\components\\SortControls\\SortControl.jsx": {"path":"C:\\Users\\thisarak\\Documents\\task\\to_do_list_manager\\to_do_list\\src\\components\\SortControls\\SortControl.jsx","statementMap":{"0":{"start":{"line":4,"column":20},"end":{"line":14,"column":1}},"1":{"start":{"line":5,"column":2},"end":{"line":13,"column":3}},"2":{"start":{"line":8,"column":48},"end":{"line":8,"column":76}}},"fnMap":{"0":{"name":"(anonymous_0)","decl":{"start":{"line":4,"column":20},"end":{"line":4,"column":21}},"loc":{"start":{"line":4,"column":51},"end":{"line":14,"column":1}},"line":4},"1":{"name":"(anonymous_1)","decl":{"start":{"line":8,"column":42},"end":{"line":8,"column":43}},"loc":{"start":{"line":8,"column":48},"end":{"line":8,"column":76}},"line":8}},"branchMap":{},"s":{"0":2,"1":5,"2":1},"f":{"0":5,"1":1},"b":{},"_coverageSchema":"1a1c01bbd47fc00a2c39e90264f33305004495a9","hash":"442ec8df7ab229ceed1186269fafbef17ec21c54"}
,"C:\\Users\\thisarak\\Documents\\task\\to_do_list_manager\\to_do_list\\src\\components\\StatusFilter\\StatusFilter.jsx": {"path":"C:\\Users\\thisarak\\Documents\\task\\to_do_list_manager\\to_do_list\\src\\components\\StatusFilter\\StatusFilter.jsx","statementMap":{"0":{"start":{"line":4,"column":21},"end":{"line":20,"column":1}},"1":{"start":{"line":5,"column":19},"end":{"line":5,"column":52}},"2":{"start":{"line":7,"column":2},"end":{"line":19,"column":4}},"3":{"start":{"line":10,"column":8},"end":{"line":16,"column":17}},"4":{"start":{"line":13,"column":25},"end":{"line":13,"column":48}}},"fnMap":{"0":{"name":"(anonymous_0)","decl":{"start":{"line":4,"column":21},"end":{"line":4,"column":22}},"loc":{"start":{"line":4,"column":60},"end":{"line":20,"column":1}},"line":4},"1":{"name":"(anonymous_1)","decl":{"start":{"line":9,"column":20},"end":{"line":9,"column":21}},"loc":{"start":{"line":10,"column":8},"end":{"line":16,"column":17}},"line":10},"2":{"name":"(anonymous_2)","decl":{"start":{"line":13,"column":19},"end":{"line":13,"column":20}},"loc":{"start":{"line":13,"column":25},"end":{"line":13,"column":48}},"line":13}},"branchMap":{"0":{"loc":{"start":{"line":12,"column":38},"end":{"line":12,"column":77}},"type":"cond-expr","locations":[{"start":{"line":12,"column":64},"end":{"line":12,"column":72}},{"start":{"line":12,"column":75},"end":{"line":12,"column":77}}],"line":12}},"s":{"0":2,"1":5,"2":5,"3":15,"4":1},"f":{"0":5,"1":15,"2":1},"b":{"0":[5,10]},"_coverageSchema":"1a1c01bbd47fc00a2c39e90264f33305004495a9","hash":"722d7625591fdd4db5b74c618ee7c27687a01e9f"}
,"C:\\Users\\thisarak\\Documents\\task\\to_do_list_manager\\to_do_list\\src\\components\\TodoItem\\TodoItem.jsx": {"path":"C:\\Users\\thisarak\\Documents\\task\\to_do_list_manager\\to_do_list\\src\\components\\TodoItem\\TodoItem.jsx","statementMap":{"0":{"start":{"line":9,"column":16},"end":{"line":9,"column":26}},"1":{"start":{"line":10,"column":19},"end":{"line":10,"column":36}},"2":{"start":{"line":12,"column":2},"end":{"line":16,"column":4}},"3":{"start":{"line":21,"column":16},"end":{"line":21,"column":26}},"4":{"start":{"line":22,"column":19},"end":{"line":22,"column":36}},"5":{"start":{"line":25,"column":2},"end":{"line":25,"column":85}},"6":{"start":{"line":30,"column":2},"end":{"line":80,"column":4}},"7":{"start":{"line":68,"column":91},"end":{"line":68,"column":103}},"8":{"start":{"line":69,"column":94},"end":{"line":69,"column":111}}},"fnMap":{"0":{"name":"TodoItem","decl":{"start":{"line":6,"column":9},"end":{"line":6,"column":17}},"loc":{"start":{"line":6,"column":58},"end":{"line":81,"column":1}},"line":6},"1":{"name":"isDueToday","decl":{"start":{"line":8,"column":9},"end":{"line":8,"column":19}},"loc":{"start":{"line":8,"column":29},"end":{"line":17,"column":1}},"line":8},"2":{"name":"isExpired","decl":{"start":{"line":20,"column":9},"end":{"line":20,"column":18}},"loc":{"start":{"line":20,"column":28},"end":{"line":26,"column":1}},"line":20},"3":{"name":"(anonymous_3)","decl":{"start":{"line":68,"column":86},"end":{"line":68,"column":87}},"loc":{"start":{"line":68,"column":91},"end":{"line":68,"column":103}},"line":68},"4":{"name":"(anonymous_4)","decl":{"start":{"line":69,"column":89},"end":{"line":69,"column":90}},"loc":{"start":{"line":69,"column":94},"end":{"line":69,"column":111}},"line":69}},"branchMap":{"0":{"loc":{"start":{"line":13,"column":4},"end":{"line":15,"column":42}},"type":"binary-expr","locations":[{"start":{"line":13,"column":4},"end":{"line":13,"column":50}},{"start":{"line":14,"column":4},"end":{"line":14,"column":44}},{"start":{"line":15,"column":4},"end":{"line":15,"column":42}}],"line":13},"1":{"loc":{"start":{"line":31,"column":33},"end":{"line":31,"column":61}},"type":"cond-expr","locations":[{"start":{"line":31,"column":46},"end":{"line":31,"column":56}},{"start":{"line":31,"column":59},"end":{"line":31,"column":61}}],"line":31},"2":{"loc":{"start":{"line":31,"column":65},"end":{"line":31,"column":108}},"type":"cond-expr","locations":[{"start":{"line":31,"column":92},"end":{"line":31,"column":103}},{"start":{"line":31,"column":106},"end":{"line":31,"column":108}}],"line":31},"3":{"loc":{"start":{"line":33,"column":7},"end":{"line":37,"column":1}},"type":"binary-expr","locations":[{"start":{"line":33,"column":7},"end":{"line":33,"column":31}},{"start":{"line":34,"column":2},"end":{"line":34,"column":50}}],"line":33},"4":{"loc":{"start":{"line":40,"column":1},"end":{"line":42,"column":1}},"type":"binary-expr","locations":[{"start":{"line":40,"column":1},"end":{"line":40,"column":24}},{"start":{"line":41,"column":2},"end":{"line":41,"column":46}}],"line":40},"5":{"loc":{"start":{"line":54,"column":45},"end":{"line":54,"column":87}},"type":"cond-expr","locations":[{"start":{"line":54,"column":62},"end":{"line":54,"column":72}},{"start":{"line":54,"column":75},"end":{"line":54,"column":87}}],"line":54},"6":{"loc":{"start":{"line":55,"column":27},"end":{"line":55,"column":69}},"type":"cond-expr","locations":[{"start":{"line":55,"column":44},"end":{"line":55,"column":54}},{"start":{"line":55,"column":57},"end":{"line":55,"column":69}}],"line":55}},"s":{"0":64,"1":64,"2":64,"3":32,"4":32,"5":32,"6":32,"7":1,"8":1},"f":{"0":32,"1":64,"2":32,"3":1,"4":1},"b":{"0":[64,64,46],"1":[0,32],"2":[2,30],"3":[32,2],"4":[32,9],"5":[11,21],"6":[11,21]},"_coverageSchema":"1a1c01bbd47fc00a2c39e90264f33305004495a9","hash":"f8812dc190fbe8c26639ef1d20de560cbd8d595b"}
,"C:\\Users\\thisarak\\Documents\\task\\to_do_list_manager\\to_do_list\\src\\components\\TodoList\\TodoList.jsx": {"path":"C:\\Users\\thisarak\\Documents\\task\\to_do_list_manager\\to_do_list\\src\\components\\TodoList\\TodoList.jsx","statementMap":{"0":{"start":{"line":45,"column":6},"end":{"line":45,"column":22}},"1":{"start":{"line":47,"column":42},"end":{"line":47,"column":57}},"2":{"start":{"line":49,"column":2},"end":{"line":130,"column":4}},"3":{"start":{"line":71,"column":23},"end":{"line":71,"column":41}},"4":{"start":{"line":112,"column":12},"end":{"line":112,"column":52}},"5":{"start":{"line":112,"column":40},"end":{"line":112,"column":52}},"6":{"start":{"line":113,"column":12},"end":{"line":113,"column":67}},"7":{"start":{"line":113,"column":45},"end":{"line":113,"column":67}},"8":{"start":{"line":114,"column":12},"end":{"line":114,"column":70}},"9":{"start":{"line":114,"column":47},"end":{"line":114,"column":70}},"10":{"start":{"line":115,"column":12},"end":{"line":115,"column":24}},"11":{"start":{"line":118,"column":12},"end":{"line":126,"column":14}},"12":{"start":{"line":123,"column":30},"end":{"line":123,"column":48}}},"fnMap":{"0":{"name":"TodoList","decl":{"start":{"line":14,"column":9},"end":{"line":14,"column":17}},"loc":{"start":{"line":14,"column":20},"end":{"line":131,"column":1}},"line":14},"1":{"name":"(anonymous_1)","decl":{"start":{"line":71,"column":17},"end":{"line":71,"column":18}},"loc":{"start":{"line":71,"column":23},"end":{"line":71,"column":41}},"line":71},"2":{"name":"(anonymous_2)","decl":{"start":{"line":111,"column":18},"end":{"line":111,"column":19}},"loc":{"start":{"line":111,"column":28},"end":{"line":116,"column":11}},"line":111},"3":{"name":"(anonymous_3)","decl":{"start":{"line":117,"column":15},"end":{"line":117,"column":16}},"loc":{"start":{"line":118,"column":12},"end":{"line":126,"column":14}},"line":118},"4":{"name":"(anonymous_4)","decl":{"start":{"line":123,"column":24},"end":{"line":123,"column":25}},"loc":{"start":{"line":123,"column":30},"end":{"line":123,"column":48}},"line":123}},"branchMap":{"0":{"loc":{"start":{"line":112,"column":12},"end":{"line":112,"column":52}},"type":"if","locations":[{"start":{"line":112,"column":12},"end":{"line":112,"column":52}},{"start":{},"end":{}}],"line":112},"1":{"loc":{"start":{"line":113,"column":12},"end":{"line":113,"column":67}},"type":"if","locations":[{"start":{"line":113,"column":12},"end":{"line":113,"column":67}},{"start":{},"end":{}}],"line":113},"2":{"loc":{"start":{"line":114,"column":12},"end":{"line":114,"column":70}},"type":"if","locations":[{"start":{"line":114,"column":12},"end":{"line":114,"column":70}},{"start":{},"end":{}}],"line":114}},"s":{"0":2,"1":2,"2":2,"3":0,"4":26,"5":26,"6":0,"7":0,"8":0,"9":0,"10":0,"11":26,"12":0},"f":{"0":2,"1":0,"2":26,"3":26,"4":0},"b":{"0":[26,0],"1":[0,0],"2":[0,0]},"_coverageSchema":"1a1c01bbd47fc00a2c39e90264f33305004495a9","hash":"f65db13775a6180e75fd9f7598979702ac0d282f"}
,"C:\\Users\\thisarak\\Documents\\task\\to_do_list_manager\\to_do_list\\src\\hooks\\TodoContext.jsx": {"path":"C:\\Users\\thisarak\\Documents\\task\\to_do_list_manager\\to_do_list\\src\\hooks\\TodoContext.jsx","statementMap":{"0":{"start":{"line":4,"column":20},"end":{"line":4,"column":35}},"1":{"start":{"line":6,"column":28},"end":{"line":150,"column":1}},"2":{"start":{"line":7,"column":28},"end":{"line":7,"column":40}},"3":{"start":{"line":8,"column":32},"end":{"line":8,"column":44}},"4":{"start":{"line":9,"column":32},"end":{"line":9,"column":44}},"5":{"start":{"line":10,"column":34},"end":{"line":10,"column":52}},"6":{"start":{"line":12,"column":36},"end":{"line":12,"column":51}},"7":{"start":{"line":14,"column":36},"end":{"line":14,"column":51}},"8":{"start":{"line":15,"column":34},"end":{"line":15,"column":48}},"9":{"start":{"line":17,"column":52},"end":{"line":17,"column":67}},"10":{"start":{"line":18,"column":42},"end":{"line":18,"column":56}},"11":{"start":{"line":20,"column":36},"end":{"line":20,"column":51}},"12":{"start":{"line":22,"column":38},"end":{"line":22,"column":50}},"13":{"start":{"line":23,"column":38},"end":{"line":23,"column":52}},"14":{"start":{"line":26,"column":44},"end":{"line":26,"column":56}},"15":{"start":{"line":27,"column":54},"end":{"line":27,"column":69}},"16":{"start":{"line":29,"column":2},"end":{"line":31,"column":9}},"17":{"start":{"line":30,"column":4},"end":{"line":30,"column":24}},"18":{"start":{"line":33,"column":18},"end":{"line":56,"column":3}},"19":{"start":{"line":34,"column":4},"end":{"line":34,"column":23}},"20":{"start":{"line":35,"column":4},"end":{"line":35,"column":38}},"21":{"start":{"line":35,"column":31},"end":{"line":35,"column":38}},"22":{"start":{"line":37,"column":20},"end":{"line":43,"column":5}},"23":{"start":{"line":45,"column":4},"end":{"line":45,"column":34}},"24":{"start":{"line":46,"column":4},"end":{"line":46,"column":19}},"25":{"start":{"line":47,"column":4},"end":{"line":47,"column":19}},"26":{"start":{"line":48,"column":4},"end":{"line":48,"column":26}},"27":{"start":{"line":49,"column":4},"end":{"line":49,"column":24}},"28":{"start":{"line":51,"column":4},"end":{"line":54,"column":7}},"29":{"start":{"line":51,"column":31},"end":{"line":54,"column":5}},"30":{"start":{"line":55,"column":4},"end":{"line":55,"column":32}},"31":{"start":{"line":58,"column":21},"end":{"line":61,"column":3}},"32":{"start":{"line":59,"column":4},"end":{"line":59,"column":29}},"33":{"start":{"line":60,"column":4},"end":{"line":60,"column":23}},"34":{"start":{"line":63,"column":23},"end":{"line":70,"column":3}},"35":{"start":{"line":64,"column":4},"end":{"line":64,"column":26}},"36":{"start":{"line":64,"column":19},"end":{"line":64,"column":26}},"37":{"start":{"line":65,"column":4},"end":{"line":67,"column":6}},"38":{"start":{"line":66,"column":6},"end":{"line":66,"column":74}},"39":{"start":{"line":66,"column":31},"end":{"line":66,"column":72}},"40":{"start":{"line":68,"column":4},"end":{"line":68,"column":24}},"41":{"start":{"line":69,"column":4},"end":{"line":69,"column":22}},"42":{"start":{"line":72,"column":23},"end":{"line":75,"column":3}},"43":{"start":{"line":73,"column":4},"end":{"line":73,"column":26}},"44":{"start":{"line":74,"column":4},"end":{"line":74,"column":31}},"45":{"start":{"line":77,"column":24},"end":{"line":88,"column":3}},"46":{"start":{"line":78,"column":4},"end":{"line":78,"column":30}},"47":{"start":{"line":78,"column":23},"end":{"line":78,"column":30}},"48":{"start":{"line":80,"column":4},"end":{"line":80,"column":35}},"49":{"start":{"line":82,"column":4},"end":{"line":87,"column":12}},"50":{"start":{"line":83,"column":6},"end":{"line":83,"column":77}},"51":{"start":{"line":83,"column":25},"end":{"line":83,"column":75}},"52":{"start":{"line":83,"column":47},"end":{"line":83,"column":74}},"53":{"start":{"line":84,"column":6},"end":{"line":84,"column":28}},"54":{"start":{"line":85,"column":6},"end":{"line":85,"column":34}},"55":{"start":{"line":86,"column":6},"end":{"line":86,"column":26}},"56":{"start":{"line":90,"column":21},"end":{"line":96,"column":3}},"57":{"start":{"line":91,"column":4},"end":{"line":95,"column":6}},"58":{"start":{"line":92,"column":6},"end":{"line":94,"column":7}},"59":{"start":{"line":93,"column":8},"end":{"line":93,"column":71}},"60":{"start":{"line":98,"column":29},"end":{"line":100,"column":3}},"61":{"start":{"line":99,"column":4},"end":{"line":99,"column":33}},"62":{"start":{"line":102,"column":33},"end":{"line":108,"column":6}},"63":{"start":{"line":103,"column":22},"end":{"line":103,"column":80}},"64":{"start":{"line":105,"column":20},"end":{"line":105,"column":39}},"65":{"start":{"line":106,"column":20},"end":{"line":106,"column":39}},"66":{"start":{"line":107,"column":6},"end":{"line":107,"column":65}},"67":{"start":{"line":110,"column":2},"end":{"line":149,"column":4}},"68":{"start":{"line":152,"column":30},"end":{"line":152,"column":59}},"69":{"start":{"line":152,"column":36},"end":{"line":152,"column":59}}},"fnMap":{"0":{"name":"(anonymous_0)","decl":{"start":{"line":6,"column":28},"end":{"line":6,"column":29}},"loc":{"start":{"line":6,"column":46},"end":{"line":150,"column":1}},"line":6},"1":{"name":"(anonymous_1)","decl":{"start":{"line":29,"column":12},"end":{"line":29,"column":13}},"loc":{"start":{"line":29,"column":18},"end":{"line":31,"column":3}},"line":29},"2":{"name":"(anonymous_2)","decl":{"start":{"line":33,"column":18},"end":{"line":33,"column":19}},"loc":{"start":{"line":33,"column":25},"end":{"line":56,"column":3}},"line":33},"3":{"name":"(anonymous_3)","decl":{"start":{"line":51,"column":21},"end":{"line":51,"column":22}},"loc":{"start":{"line":51,"column":31},"end":{"line":54,"column":5}},"line":51},"4":{"name":"(anonymous_4)","decl":{"start":{"line":58,"column":21},"end":{"line":58,"column":22}},"loc":{"start":{"line":58,"column":31},"end":{"line":61,"column":3}},"line":58},"5":{"name":"(anonymous_5)","decl":{"start":{"line":63,"column":23},"end":{"line":63,"column":24}},"loc":{"start":{"line":63,"column":29},"end":{"line":70,"column":3}},"line":63},"6":{"name":"(anonymous_6)","decl":{"start":{"line":65,"column":13},"end":{"line":65,"column":14}},"loc":{"start":{"line":66,"column":6},"end":{"line":66,"column":74}},"line":66},"7":{"name":"(anonymous_7)","decl":{"start":{"line":66,"column":20},"end":{"line":66,"column":21}},"loc":{"start":{"line":66,"column":31},"end":{"line":66,"column":72}},"line":66},"8":{"name":"(anonymous_8)","decl":{"start":{"line":72,"column":23},"end":{"line":72,"column":24}},"loc":{"start":{"line":72,"column":33},"end":{"line":75,"column":3}},"line":72},"9":{"name":"(anonymous_9)","decl":{"start":{"line":77,"column":24},"end":{"line":77,"column":25}},"loc":{"start":{"line":77,"column":30},"end":{"line":88,"column":3}},"line":77},"10":{"name":"(anonymous_10)","decl":{"start":{"line":82,"column":15},"end":{"line":82,"column":16}},"loc":{"start":{"line":82,"column":21},"end":{"line":87,"column":5}},"line":82},"11":{"name":"(anonymous_11)","decl":{"start":{"line":83,"column":15},"end":{"line":83,"column":16}},"loc":{"start":{"line":83,"column":25},"end":{"line":83,"column":75}},"line":83},"12":{"name":"(anonymous_12)","decl":{"start":{"line":83,"column":37},"end":{"line":83,"column":38}},"loc":{"start":{"line":83,"column":47},"end":{"line":83,"column":74}},"line":83},"13":{"name":"(anonymous_13)","decl":{"start":{"line":90,"column":21},"end":{"line":90,"column":22}},"loc":{"start":{"line":90,"column":29},"end":{"line":96,"column":3}},"line":90},"14":{"name":"(anonymous_14)","decl":{"start":{"line":91,"column":13},"end":{"line":91,"column":14}},"loc":{"start":{"line":92,"column":6},"end":{"line":94,"column":7}},"line":92},"15":{"name":"(anonymous_15)","decl":{"start":{"line":92,"column":15},"end":{"line":92,"column":16}},"loc":{"start":{"line":93,"column":8},"end":{"line":93,"column":71}},"line":93},"16":{"name":"(anonymous_16)","decl":{"start":{"line":98,"column":29},"end":{"line":98,"column":30}},"loc":{"start":{"line":98,"column":35},"end":{"line":100,"column":3}},"line":98},"17":{"name":"(anonymous_17)","decl":{"start":{"line":103,"column":12},"end":{"line":103,"column":13}},"loc":{"start":{"line":103,"column":22},"end":{"line":103,"column":80}},"line":103},"18":{"name":"(anonymous_18)","decl":{"start":{"line":104,"column":10},"end":{"line":104,"column":11}},"loc":{"start":{"line":104,"column":20},"end":{"line":108,"column":5}},"line":104},"19":{"name":"(anonymous_19)","decl":{"start":{"line":152,"column":30},"end":{"line":152,"column":31}},"loc":{"start":{"line":152,"column":36},"end":{"line":152,"column":59}},"line":152}},"branchMap":{"0":{"loc":{"start":{"line":35,"column":4},"end":{"line":35,"column":38}},"type":"if","locations":[{"start":{"line":35,"column":4},"end":{"line":35,"column":38}},{"start":{},"end":{}}],"line":35},"1":{"loc":{"start":{"line":64,"column":4},"end":{"line":64,"column":26}},"type":"if","locations":[{"start":{"line":64,"column":4},"end":{"line":64,"column":26}},{"start":{},"end":{}}],"line":64},"2":{"loc":{"start":{"line":66,"column":31},"end":{"line":66,"column":72}},"type":"cond-expr","locations":[{"start":{"line":66,"column":57},"end":{"line":66,"column":65}},{"start":{"line":66,"column":68},"end":{"line":66,"column":72}}],"line":66},"3":{"loc":{"start":{"line":78,"column":4},"end":{"line":78,"column":30}},"type":"if","locations":[{"start":{"line":78,"column":4},"end":{"line":78,"column":30}},{"start":{},"end":{}}],"line":78},"4":{"loc":{"start":{"line":93,"column":8},"end":{"line":93,"column":71}},"type":"cond-expr","locations":[{"start":{"line":93,"column":25},"end":{"line":93,"column":64}},{"start":{"line":93,"column":67},"end":{"line":93,"column":71}}],"line":93},"5":{"loc":{"start":{"line":107,"column":13},"end":{"line":107,"column":64}},"type":"cond-expr","locations":[{"start":{"line":107,"column":35},"end":{"line":107,"column":48}},{"start":{"line":107,"column":51},"end":{"line":107,"column":64}}],"line":107}},"s":{"0":3,"1":3,"2":16,"3":16,"4":16,"5":16,"6":16,"7":16,"8":16,"9":16,"10":16,"11":16,"12":16,"13":16,"14":16,"15":16,"16":16,"17":7,"18":16,"19":1,"20":1,"21":0,"22":1,"23":1,"24":1,"25":1,"26":1,"27":1,"28":1,"29":1,"30":1,"31":16,"32":0,"33":0,"34":16,"35":0,"36":0,"37":0,"38":0,"39":0,"40":0,"41":0,"42":16,"43":0,"44":0,"45":16,"46":0,"47":0,"48":0,"49":0,"50":0,"51":0,"52":0,"53":0,"54":0,"55":0,"56":16,"57":0,"58":0,"59":0,"60":16,"61":0,"62":16,"63":235,"64":805,"65":805,"66":805,"67":16,"68":3,"69":18},"f":{"0":16,"1":7,"2":1,"3":1,"4":0,"5":0,"6":0,"7":0,"8":0,"9":0,"10":0,"11":0,"12":0,"13":0,"14":0,"15":0,"16":0,"17":235,"18":805,"19":18},"b":{"0":[0,1],"1":[0,0],"2":[0,0],"3":[0,0],"4":[0,0],"5":[805,0]},"_coverageSchema":"1a1c01bbd47fc00a2c39e90264f33305004495a9","hash":"2b808c397bead4ed91b57c509a65c89003d4ebe0"}
}
