TN:
SF:src\App.jsx
FN:6,App
FNF:1
FNH:1
FNDA:1,App
DA:7,1
LF:1
LH:1
BRF:0
BRH:0
end_of_record
TN:
SF:src\main.jsx
FNF:0
FNH:0
DA:6,0
LF:1
LH:0
BRF:0
BRH:0
end_of_record
TN:
SF:src\components\AddTask\AddTaskPopup.jsx
FN:3,(anonymous_0)
FN:25,(anonymous_1)
FN:32,(anonymous_2)
FN:39,(anonymous_3)
FN:54,(anonymous_4)
FNF:5
FNH:5
FNDA:10,(anonymous_0)
FNDA:1,(anonymous_1)
FNDA:1,(anonymous_2)
FNDA:1,(anonymous_3)
FNDA:1,(anonymous_4)
DA:3,2
DA:14,10
DA:16,7
DA:25,1
DA:32,1
DA:39,1
DA:54,1
LF:7
LH:7
BRDA:14,0,0,3
BRDA:14,0,1,7
BRDA:38,1,0,7
BRDA:38,1,1,0
BRF:4
BRH:3
end_of_record
TN:
SF:src\components\DeleteTask\DeleteTaskPopup.jsx
FN:3,(anonymous_0)
FN:25,(anonymous_1)
FNF:2
FNH:2
FNDA:7,(anonymous_0)
FNDA:1,(anonymous_1)
DA:3,2
DA:9,7
DA:11,3
DA:25,1
LF:4
LH:4
BRDA:9,0,0,4
BRDA:9,0,1,3
BRDA:9,1,0,7
BRDA:9,1,1,4
BRDA:17,2,0,3
BRDA:17,2,1,0
BRF:6
BRH:5
end_of_record
TN:
SF:src\components\EditTask\EditTaskPopup.jsx
FN:3,(anonymous_0)
FN:20,(anonymous_1)
FN:27,(anonymous_2)
FN:33,(anonymous_3)
FN:43,(anonymous_4)
FN:59,(anonymous_5)
FNF:6
FNH:4
FNDA:7,(anonymous_0)
FNDA:1,(anonymous_1)
FNDA:1,(anonymous_2)
FNDA:0,(anonymous_3)
FNDA:0,(anonymous_4)
FNDA:1,(anonymous_5)
DA:3,2
DA:10,7
DA:12,5
DA:21,1
DA:28,1
DA:34,0
DA:44,0
DA:59,1
LF:8
LH:6
BRDA:10,0,0,2
BRDA:10,0,1,5
BRDA:10,1,0,7
BRDA:10,1,1,5
BRDA:19,2,0,5
BRDA:19,2,1,0
BRDA:26,3,0,5
BRDA:26,3,1,0
BRDA:32,4,0,5
BRDA:32,4,1,0
BRDA:42,5,0,0
BRDA:42,5,1,5
BRF:12
BRH:8
end_of_record
TN:
SF:src\components\Header\Header.jsx
FN:7,(anonymous_0)
FNF:1
FNH:1
FNDA:5,(anonymous_0)
DA:7,2
DA:8,5
LF:2
LH:2
BRF:0
BRH:0
end_of_record
TN:
SF:src\components\SearchBar\SearchBar.jsx
FN:6,(anonymous_0)
FN:21,(anonymous_1)
FNF:2
FNH:2
FNDA:5,(anonymous_0)
FNDA:1,(anonymous_1)
DA:6,2
DA:7,5
DA:21,1
LF:3
LH:3
BRF:0
BRH:0
end_of_record
TN:
SF:src\components\SortControls\SortControl.jsx
FN:4,(anonymous_0)
FN:8,(anonymous_1)
FNF:2
FNH:2
FNDA:5,(anonymous_0)
FNDA:1,(anonymous_1)
DA:4,2
DA:5,5
DA:8,1
LF:3
LH:3
BRF:0
BRH:0
end_of_record
TN:
SF:src\components\TodoItem\TodoItem.jsx
FN:6,TodoItem
FN:32,(anonymous_1)
FN:33,(anonymous_2)
FNF:3
FNH:3
FNDA:16,TodoItem
FNDA:1,(anonymous_1)
FNDA:1,(anonymous_2)
DA:7,16
DA:32,1
DA:33,1
LF:3
LH:3
BRDA:18,0,0,4
BRDA:18,0,1,12
BRDA:19,1,0,4
BRDA:19,1,1,12
BRF:4
BRH:4
end_of_record
TN:
SF:src\components\TodoList\TodoList.jsx
FN:11,TodoList
FN:56,(anonymous_1)
FN:99,(anonymous_2)
FN:104,(anonymous_3)
FNF:4
FNH:2
FNDA:7,TodoList
FNDA:0,(anonymous_1)
FNDA:15,(anonymous_2)
FNDA:0,(anonymous_3)
DA:41,7
DA:43,7
DA:56,0
DA:100,15
DA:104,0
LF:5
LH:3
BRF:0
BRH:0
end_of_record
TN:
SF:src\hooks\TodoController.jsx
FN:4,(anonymous_0)
FN:22,(anonymous_1)
FN:30,(anonymous_2)
FN:50,(anonymous_3)
FN:56,(anonymous_4)
FN:59,(anonymous_5)
FN:60,(anonymous_6)
FN:71,(anonymous_7)
FN:76,(anonymous_8)
FN:77,(anonymous_9)
FN:77,(anonymous_10)
FN:83,(anonymous_11)
FN:84,(anonymous_12)
FN:85,(anonymous_13)
FN:95,(anonymous_14)
FN:98,(anonymous_15)
FNF:16
FNH:16
FNDA:35,(anonymous_0)
FNDA:10,(anonymous_1)
FNDA:2,(anonymous_2)
FNDA:1,(anonymous_3)
FNDA:1,(anonymous_4)
FNDA:1,(anonymous_5)
FNDA:10,(anonymous_6)
FNDA:2,(anonymous_7)
FNDA:1,(anonymous_8)
FNDA:1,(anonymous_9)
FNDA:10,(anonymous_10)
FNDA:5,(anonymous_11)
FNDA:5,(anonymous_12)
FNDA:50,(anonymous_13)
FNDA:250,(anonymous_14)
FNDA:530,(anonymous_15)
DA:4,2
DA:5,35
DA:6,35
DA:7,35
DA:8,35
DA:10,35
DA:11,35
DA:12,35
DA:14,35
DA:15,35
DA:17,35
DA:19,35
DA:22,35
DA:24,10
DA:30,35
DA:31,2
DA:32,2
DA:34,1
DA:42,1
DA:43,1
DA:44,1
DA:45,1
DA:46,1
DA:50,35
DA:51,1
DA:52,1
DA:56,35
DA:57,1
DA:59,1
DA:60,1
DA:61,10
DA:64,1
DA:65,1
DA:71,35
DA:72,2
DA:73,2
DA:76,35
DA:77,10
DA:78,1
DA:79,1
DA:83,35
DA:84,5
DA:85,5
DA:86,50
DA:94,35
DA:96,250
DA:99,530
DA:100,530
DA:101,530
DA:104,35
LF:50
LH:50
BRDA:32,0,0,1
BRDA:32,0,1,1
BRDA:57,1,0,0
BRDA:57,1,1,1
BRDA:61,2,0,1
BRDA:61,2,1,9
BRDA:86,3,0,5
BRDA:86,3,1,45
BRDA:101,4,0,506
BRDA:101,4,1,24
BRF:10
BRH:9
end_of_record
TN:
SF:src\types\Todo.jsx
FNF:0
FNH:0
LF:0
LH:0
BRF:0
BRH:0
end_of_record
