TN:
SF:src\App.jsx
FN:7,App
FNF:1
FNH:1
FNDA:1,App
DA:8,1
LF:1
LH:1
BRF:0
BRH:0
end_of_record
TN:
SF:src\main.jsx
FNF:0
FNH:0
DA:6,0
LF:1
LH:0
BRF:0
BRH:0
end_of_record
TN:
SF:src\components\AddTask\AddTaskPopup.jsx
FN:3,(anonymous_0)
FN:25,(anonymous_1)
FN:32,(anonymous_2)
FN:39,(anonymous_3)
FN:54,(anonymous_4)
FNF:5
FNH:5
FNDA:10,(anonymous_0)
FNDA:1,(anonymous_1)
FNDA:1,(anonymous_2)
FNDA:1,(anonymous_3)
FNDA:1,(anonymous_4)
DA:3,2
DA:14,10
DA:16,7
DA:25,1
DA:32,1
DA:39,1
DA:54,1
LF:7
LH:7
BRDA:14,0,0,3
BRDA:14,0,1,7
BRDA:38,1,0,7
BRDA:38,1,1,0
BRF:4
BRH:3
end_of_record
TN:
SF:src\components\DeleteTask\DeleteTaskPopup.jsx
FN:3,(anonymous_0)
FN:25,(anonymous_1)
FNF:2
FNH:2
FNDA:7,(anonymous_0)
FNDA:1,(anonymous_1)
DA:3,2
DA:9,7
DA:11,3
DA:25,1
LF:4
LH:4
BRDA:9,0,0,4
BRDA:9,0,1,3
BRDA:9,1,0,7
BRDA:9,1,1,4
BRDA:17,2,0,3
BRDA:17,2,1,0
BRF:6
BRH:5
end_of_record
TN:
SF:src\components\EditTask\EditTaskPopup.jsx
FN:3,(anonymous_0)
FN:20,(anonymous_1)
FN:27,(anonymous_2)
FN:33,(anonymous_3)
FN:43,(anonymous_4)
FN:59,(anonymous_5)
FNF:6
FNH:4
FNDA:7,(anonymous_0)
FNDA:1,(anonymous_1)
FNDA:1,(anonymous_2)
FNDA:0,(anonymous_3)
FNDA:0,(anonymous_4)
FNDA:1,(anonymous_5)
DA:3,2
DA:10,7
DA:12,5
DA:21,1
DA:28,1
DA:34,0
DA:44,0
DA:59,1
LF:8
LH:6
BRDA:10,0,0,2
BRDA:10,0,1,5
BRDA:10,1,0,7
BRDA:10,1,1,5
BRDA:19,2,0,5
BRDA:19,2,1,0
BRDA:26,3,0,5
BRDA:26,3,1,0
BRDA:32,4,0,5
BRDA:32,4,1,0
BRDA:42,5,0,0
BRDA:42,5,1,5
BRF:12
BRH:8
end_of_record
TN:
SF:src\components\Header\Header.jsx
FN:9,(anonymous_0)
FN:18,(anonymous_1)
FN:44,(anonymous_2)
FNF:3
FNH:1
FNDA:10,(anonymous_0)
FNDA:0,(anonymous_1)
FNDA:0,(anonymous_2)
DA:9,2
DA:14,10
DA:16,10
DA:18,10
DA:19,0
DA:20,0
DA:23,10
DA:45,0
LF:8
LH:5
BRDA:34,0,0,10
BRDA:34,0,1,0
BRDA:39,1,0,10
BRDA:39,1,1,0
BRDA:41,2,0,0
BRDA:41,2,1,0
BRF:6
BRH:2
end_of_record
TN:
SF:src\components\SearchBar\SearchBar.jsx
FN:6,(anonymous_0)
FN:21,(anonymous_1)
FNF:2
FNH:2
FNDA:5,(anonymous_0)
FNDA:1,(anonymous_1)
DA:6,2
DA:7,5
DA:21,1
LF:3
LH:3
BRF:0
BRH:0
end_of_record
TN:
SF:src\components\SortControls\SortControl.jsx
FN:4,(anonymous_0)
FN:8,(anonymous_1)
FNF:2
FNH:2
FNDA:5,(anonymous_0)
FNDA:1,(anonymous_1)
DA:4,2
DA:5,5
DA:8,1
LF:3
LH:3
BRF:0
BRH:0
end_of_record
TN:
SF:src\components\StatusFilter\StatusFilter.jsx
FN:4,(anonymous_0)
FN:9,(anonymous_1)
FN:13,(anonymous_2)
FNF:3
FNH:3
FNDA:5,(anonymous_0)
FNDA:15,(anonymous_1)
FNDA:1,(anonymous_2)
DA:4,2
DA:5,5
DA:7,5
DA:10,15
DA:13,1
LF:5
LH:5
BRDA:12,0,0,5
BRDA:12,0,1,10
BRF:2
BRH:2
end_of_record
TN:
SF:src\components\TodoItem\TodoItem.jsx
FN:6,TodoItem
FN:8,isDueToday
FN:20,isExpired
FN:68,(anonymous_3)
FN:69,(anonymous_4)
FNF:5
FNH:5
FNDA:32,TodoItem
FNDA:64,isDueToday
FNDA:32,isExpired
FNDA:1,(anonymous_3)
FNDA:1,(anonymous_4)
DA:9,64
DA:10,64
DA:12,64
DA:21,32
DA:22,32
DA:25,32
DA:30,32
DA:68,1
DA:69,1
LF:9
LH:9
BRDA:13,0,0,64
BRDA:13,0,1,64
BRDA:13,0,2,46
BRDA:31,1,0,0
BRDA:31,1,1,32
BRDA:31,2,0,2
BRDA:31,2,1,30
BRDA:33,3,0,32
BRDA:33,3,1,2
BRDA:40,4,0,32
BRDA:40,4,1,9
BRDA:54,5,0,11
BRDA:54,5,1,21
BRDA:55,6,0,11
BRDA:55,6,1,21
BRF:15
BRH:14
end_of_record
TN:
SF:src\components\TodoList\TodoList.jsx
FN:14,TodoList
FN:71,(anonymous_1)
FN:111,(anonymous_2)
FN:117,(anonymous_3)
FN:123,(anonymous_4)
FNF:5
FNH:3
FNDA:2,TodoList
FNDA:0,(anonymous_1)
FNDA:26,(anonymous_2)
FNDA:26,(anonymous_3)
FNDA:0,(anonymous_4)
DA:45,2
DA:47,2
DA:49,2
DA:71,0
DA:112,26
DA:113,0
DA:114,0
DA:115,0
DA:118,26
DA:123,0
LF:10
LH:5
BRDA:112,0,0,26
BRDA:112,0,1,0
BRDA:113,1,0,0
BRDA:113,1,1,0
BRDA:114,2,0,0
BRDA:114,2,1,0
BRF:6
BRH:1
end_of_record
TN:
SF:src\hooks\TodoContext.jsx
FN:6,(anonymous_0)
FN:29,(anonymous_1)
FN:33,(anonymous_2)
FN:51,(anonymous_3)
FN:58,(anonymous_4)
FN:63,(anonymous_5)
FN:65,(anonymous_6)
FN:66,(anonymous_7)
FN:72,(anonymous_8)
FN:77,(anonymous_9)
FN:82,(anonymous_10)
FN:83,(anonymous_11)
FN:83,(anonymous_12)
FN:90,(anonymous_13)
FN:91,(anonymous_14)
FN:92,(anonymous_15)
FN:98,(anonymous_16)
FN:103,(anonymous_17)
FN:104,(anonymous_18)
FN:152,(anonymous_19)
FNF:20
FNH:7
FNDA:16,(anonymous_0)
FNDA:7,(anonymous_1)
FNDA:1,(anonymous_2)
FNDA:1,(anonymous_3)
FNDA:0,(anonymous_4)
FNDA:0,(anonymous_5)
FNDA:0,(anonymous_6)
FNDA:0,(anonymous_7)
FNDA:0,(anonymous_8)
FNDA:0,(anonymous_9)
FNDA:0,(anonymous_10)
FNDA:0,(anonymous_11)
FNDA:0,(anonymous_12)
FNDA:0,(anonymous_13)
FNDA:0,(anonymous_14)
FNDA:0,(anonymous_15)
FNDA:0,(anonymous_16)
FNDA:235,(anonymous_17)
FNDA:805,(anonymous_18)
FNDA:18,(anonymous_19)
DA:4,3
DA:6,3
DA:7,16
DA:8,16
DA:9,16
DA:10,16
DA:12,16
DA:14,16
DA:15,16
DA:17,16
DA:18,16
DA:20,16
DA:22,16
DA:23,16
DA:26,16
DA:27,16
DA:29,16
DA:30,7
DA:33,16
DA:34,1
DA:35,1
DA:37,1
DA:45,1
DA:46,1
DA:47,1
DA:48,1
DA:49,1
DA:51,1
DA:55,1
DA:58,16
DA:59,0
DA:60,0
DA:63,16
DA:64,0
DA:65,0
DA:66,0
DA:68,0
DA:69,0
DA:72,16
DA:73,0
DA:74,0
DA:77,16
DA:78,0
DA:80,0
DA:82,0
DA:83,0
DA:84,0
DA:85,0
DA:86,0
DA:90,16
DA:91,0
DA:92,0
DA:93,0
DA:98,16
DA:99,0
DA:102,16
DA:103,235
DA:105,805
DA:106,805
DA:107,805
DA:110,16
DA:152,18
LF:62
LH:42
BRDA:35,0,0,0
BRDA:35,0,1,1
BRDA:64,1,0,0
BRDA:64,1,1,0
BRDA:66,2,0,0
BRDA:66,2,1,0
BRDA:78,3,0,0
BRDA:78,3,1,0
BRDA:93,4,0,0
BRDA:93,4,1,0
BRDA:107,5,0,805
BRDA:107,5,1,0
BRF:12
BRH:2
end_of_record
